ISim log file
Running: C:\Users\lab\Desktop\ucisw2_projekt-master\zajecia\ucisw_projekt\vga_controller_test_isim_beh.exe -intstyle ise -gui -tclbatch isim.cmd -wdb C:/Users/lab/Desktop/ucisw2_projekt-master/zajecia/ucisw_projekt/vga_controller_test_isim_beh.wdb 
ISim P.20131013 (signature 0x8ef4fb42)
----------------------------------------------------------------------
WARNING:Security:42 - Your software subscription period has lapsed. Your current version of Xilinx tools will continue to function, but you no longer qualify for Xilinx software updates or new releases.


----------------------------------------------------------------------
This is a Full version of ISim.
Time resolution is 1 ps
# onerror resume
# wave add /
# run 1000 ns
Simulator is doing circuit initialization process.
Finished circuit initialization process.
# restart
# run 40000ps
Simulator is doing circuit initialization process.
Finished circuit initialization process.
# restart
# run 40000ns
Simulator is doing circuit initialization process.
Finished circuit initialization process.
# run 400000ns
# run 4000000ns
# run 4000000ns
# run 4000000ns
# run 400000ns
# run 400000ns
# run 400000ns
# run 400000ns
